<?xml version="1.0" encoding="UTF-8"?>
<!-- Generated by org.testng.reporters.JUnitReportReporter -->
<testsuite skipped="0" hostname="DESKTOP-P2316UH" name="tests.GoogleSearchPageTest" tests="1" failures="0" timestamp="16 Mar 2021 07:13:55 GMT" time="8.826" errors="0">
  <testcase name="validatePage" time="8.826" classname="tests.GoogleSearchPageTest"/>
</testsuite> <!-- tests.GoogleSearchPageTest -->
